d:\study\2 курс\2 семестр\кгиг\лабораторные\lab-3\lab-3\debug\vc120.pdb
d:\study\2 курс\2 семестр\кгиг\лабораторные\lab-3\lab-3\debug\vc120.idb
d:\study\2 курс\2 семестр\кгиг\лабораторные\lab-3\lab-3\debug\main.obj
d:\study\2 курс\2 семестр\кгиг\лабораторные\lab-3\lab-3\debug\cmatrix.obj
d:\важно\кгиг\лабы\cgag-labs-master\lab-3\lab-3\debug\vc140.pdb
d:\важно\кгиг\лабы\cgag-labs-master\lab-3\lab-3\debug\vc140.idb
d:\важно\кгиг\лабы\cgag-labs-master\lab-3\lab-3\debug\main.obj
d:\важно\кгиг\лабы\cgag-labs-master\lab-3\lab-3\debug\cmatrix.obj
d:\study\2 курс\2 семестр\кгиг\лабораторные\lab-3\debug\lab-3.ilk
d:\study\2 курс\2 семестр\кгиг\лабораторные\lab-3\debug\lab-3.exe
d:\study\2 курс\2 семестр\кгиг\лабораторные\lab-3\debug\lab-3.pdb
d:\важно\кгиг\лабы\cgag-labs-master\lab-3\debug\lab-3.ilk
d:\важно\кгиг\лабы\cgag-labs-master\lab-3\debug\lab-3.exe
d:\важно\кгиг\лабы\cgag-labs-master\lab-3\debug\lab-3.pdb
d:\study\2 курс\2 семестр\кгиг\лабораторные\lab-3\lab-3\debug\lab-3.res
d:\важно\кгиг\лабы\cgag-labs-master\lab-3\lab-3\debug\lab-3.res
d:\универ\кгиг\лабы\cgag-labs-master\lab-3\lab-3\debug\cmatrix.obj
d:\универ\кгиг\лабы\cgag-labs-master\lab-3\lab-3\debug\main.obj
d:\универ\кгиг\лабы\cgag-labs-master\lab-3\lab-3\debug\lab-3.res
d:\универ\кгиг\лабы\cgag-labs-master\lab-3\lab-3\debug\vc120.idb
d:\универ\кгиг\лабы\cgag-labs-master\lab-3\lab-3\debug\vc140.idb
d:\универ\кгиг\лабы\cgag-labs-master\lab-3\lab-3\debug\vc120.pdb
d:\универ\кгиг\лабы\cgag-labs-master\lab-3\lab-3\debug\vc140.pdb
d:\универ\кгиг\лабы\cgag-labs-master\lab-3\debug\lab-3.pdb
d:\универ\кгиг\лабы\cgag-labs-master\lab-3\debug\lab-3.exe
d:\универ\кгиг\лабы\cgag-labs-master\lab-3\debug\lab-3.ilk
d:\универ\кгиг\лабы\cgag-labs-master\lab-3\lab-3\debug\lab-3.tlog\cl.command.1.tlog
d:\универ\кгиг\лабы\cgag-labs-master\lab-3\lab-3\debug\lab-3.tlog\cl.read.1.tlog
d:\универ\кгиг\лабы\cgag-labs-master\lab-3\lab-3\debug\lab-3.tlog\cl.write.1.tlog
d:\универ\кгиг\лабы\cgag-labs-master\lab-3\lab-3\debug\lab-3.tlog\link.command.1.tlog
d:\универ\кгиг\лабы\cgag-labs-master\lab-3\lab-3\debug\lab-3.tlog\link.read.1.tlog
d:\универ\кгиг\лабы\cgag-labs-master\lab-3\lab-3\debug\lab-3.tlog\link.write.1.tlog
d:\универ\кгиг\лабы\cgag-labs-master\lab-3\lab-3\debug\lab-3.tlog\rc.command.1.tlog
d:\универ\кгиг\лабы\cgag-labs-master\lab-3\lab-3\debug\lab-3.tlog\rc.read.1.tlog
d:\универ\кгиг\лабы\cgag-labs-master\lab-3\lab-3\debug\lab-3.tlog\rc.write.1.tlog
