  main.cpp
  _WIN32_WINNT not defined. Defaulting to _WIN32_WINNT_MAXVER (see WinSDKVer.h)
C:\Users\Home\Desktop\КГИГ\lab4\Planets\Lab-42\Lab-4\CPlot2D.h(148,41): warning C4244: аргумент: преобразование "double" в "int", возможна потеря данных
C:\Users\Home\Desktop\КГИГ\lab4\Planets\Lab-42\Lab-4\CPlot2D.h(148,31): warning C4244: аргумент: преобразование "double" в "int", возможна потеря данных
C:\Users\Home\Desktop\КГИГ\lab4\Planets\Lab-42\Lab-4\CPlot2D.h(148,23): warning C4244: аргумент: преобразование "double" в "int", возможна потеря данных
C:\Users\Home\Desktop\КГИГ\lab4\Planets\Lab-42\Lab-4\CPlot2D.h(148,14): warning C4244: аргумент: преобразование "double" в "int", возможна потеря данных
C:\Users\Home\Desktop\КГИГ\lab4\Planets\Lab-42\Lab-4\CSunSystem.h(82,27): warning C4244: аргумент: преобразование "double" в "int", возможна потеря данных
C:\Users\Home\Desktop\КГИГ\lab4\Planets\Lab-42\Lab-4\CSunSystem.h(82,23): warning C4244: аргумент: преобразование "double" в "int", возможна потеря данных
C:\Users\Home\Desktop\КГИГ\lab4\Planets\Lab-42\Lab-4\CSunSystem.h(82,19): warning C4244: аргумент: преобразование "double" в "int", возможна потеря данных
C:\Users\Home\Desktop\КГИГ\lab4\Planets\Lab-42\Lab-4\CSunSystem.h(82,14): warning C4244: аргумент: преобразование "double" в "int", возможна потеря данных
C:\Users\Home\Desktop\КГИГ\lab4\Planets\Lab-42\Lab-4\CSunSystem.h(83,29): warning C4244: аргумент: преобразование "double" в "int", возможна потеря данных
C:\Users\Home\Desktop\КГИГ\lab4\Planets\Lab-42\Lab-4\CSunSystem.h(83,25): warning C4244: аргумент: преобразование "double" в "int", возможна потеря данных
C:\Users\Home\Desktop\КГИГ\lab4\Planets\Lab-42\Lab-4\CSunSystem.h(83,21): warning C4244: аргумент: преобразование "double" в "int", возможна потеря данных
C:\Users\Home\Desktop\КГИГ\lab4\Planets\Lab-42\Lab-4\CSunSystem.h(83,16): warning C4244: аргумент: преобразование "double" в "int", возможна потеря данных
C:\Users\Home\Desktop\КГИГ\lab4\Planets\Lab-42\Lab-4\CSunSystem.h(84,28): warning C4244: аргумент: преобразование "double" в "int", возможна потеря данных
C:\Users\Home\Desktop\КГИГ\lab4\Planets\Lab-42\Lab-4\CSunSystem.h(84,24): warning C4244: аргумент: преобразование "double" в "int", возможна потеря данных
C:\Users\Home\Desktop\КГИГ\lab4\Planets\Lab-42\Lab-4\CSunSystem.h(84,20): warning C4244: аргумент: преобразование "double" в "int", возможна потеря данных
C:\Users\Home\Desktop\КГИГ\lab4\Planets\Lab-42\Lab-4\CSunSystem.h(84,15): warning C4244: аргумент: преобразование "double" в "int", возможна потеря данных
C:\Users\Home\Desktop\КГИГ\lab4\Planets\Lab-42\Lab-4\CSunSystem.h(85,29): warning C4244: аргумент: преобразование "double" в "int", возможна потеря данных
C:\Users\Home\Desktop\КГИГ\lab4\Planets\Lab-42\Lab-4\CSunSystem.h(85,25): warning C4244: аргумент: преобразование "double" в "int", возможна потеря данных
C:\Users\Home\Desktop\КГИГ\lab4\Planets\Lab-42\Lab-4\CSunSystem.h(85,21): warning C4244: аргумент: преобразование "double" в "int", возможна потеря данных
C:\Users\Home\Desktop\КГИГ\lab4\Planets\Lab-42\Lab-4\CSunSystem.h(85,16): warning C4244: аргумент: преобразование "double" в "int", возможна потеря данных
C:\Users\Home\Desktop\КГИГ\lab4\Planets\Lab-42\Lab-4\CSunSystem.h(86,34): warning C4244: аргумент: преобразование "double" в "int", возможна потеря данных
C:\Users\Home\Desktop\КГИГ\lab4\Planets\Lab-42\Lab-4\CSunSystem.h(86,29): warning C4244: аргумент: преобразование "double" в "int", возможна потеря данных
C:\Users\Home\Desktop\КГИГ\lab4\Planets\Lab-42\Lab-4\CSunSystem.h(86,24): warning C4244: аргумент: преобразование "double" в "int", возможна потеря данных
C:\Users\Home\Desktop\КГИГ\lab4\Planets\Lab-42\Lab-4\CSunSystem.h(86,18): warning C4244: аргумент: преобразование "double" в "int", возможна потеря данных
C:\Users\Home\Desktop\КГИГ\lab4\Planets\Lab-42\Lab-4\CSunSystem.h(87,31): warning C4244: аргумент: преобразование "double" в "int", возможна потеря данных
C:\Users\Home\Desktop\КГИГ\lab4\Planets\Lab-42\Lab-4\CSunSystem.h(87,26): warning C4244: аргумент: преобразование "double" в "int", возможна потеря данных
C:\Users\Home\Desktop\КГИГ\lab4\Planets\Lab-42\Lab-4\CSunSystem.h(87,21): warning C4244: аргумент: преобразование "double" в "int", возможна потеря данных
C:\Users\Home\Desktop\КГИГ\lab4\Planets\Lab-42\Lab-4\CSunSystem.h(87,15): warning C4244: аргумент: преобразование "double" в "int", возможна потеря данных
C:\Users\Home\Desktop\КГИГ\lab4\Planets\Lab-42\Lab-4\CSunSystem.h(88,31): warning C4244: аргумент: преобразование "double" в "int", возможна потеря данных
C:\Users\Home\Desktop\КГИГ\lab4\Planets\Lab-42\Lab-4\CSunSystem.h(88,27): warning C4244: аргумент: преобразование "double" в "int", возможна потеря данных
C:\Users\Home\Desktop\КГИГ\lab4\Planets\Lab-42\Lab-4\CSunSystem.h(88,23): warning C4244: аргумент: преобразование "double" в "int", возможна потеря данных
C:\Users\Home\Desktop\КГИГ\lab4\Planets\Lab-42\Lab-4\CSunSystem.h(88,18): warning C4244: аргумент: преобразование "double" в "int", возможна потеря данных
C:\Users\Home\Desktop\КГИГ\lab4\Planets\Lab-42\Lab-4\CSunSystem.h(89,37): warning C4244: аргумент: преобразование "double" в "int", возможна потеря данных
C:\Users\Home\Desktop\КГИГ\lab4\Planets\Lab-42\Lab-4\CSunSystem.h(89,32): warning C4244: аргумент: преобразование "double" в "int", возможна потеря данных
C:\Users\Home\Desktop\КГИГ\lab4\Planets\Lab-42\Lab-4\CSunSystem.h(89,27): warning C4244: аргумент: преобразование "double" в "int", возможна потеря данных
C:\Users\Home\Desktop\КГИГ\lab4\Planets\Lab-42\Lab-4\CSunSystem.h(89,21): warning C4244: аргумент: преобразование "double" в "int", возможна потеря данных
C:\Users\Home\Desktop\КГИГ\lab4\Planets\Lab-42\Lab-4\CSunSystem.h(90,36): warning C4244: аргумент: преобразование "double" в "int", возможна потеря данных
C:\Users\Home\Desktop\КГИГ\lab4\Planets\Lab-42\Lab-4\CSunSystem.h(90,31): warning C4244: аргумент: преобразование "double" в "int", возможна потеря данных
C:\Users\Home\Desktop\КГИГ\lab4\Planets\Lab-42\Lab-4\CSunSystem.h(90,26): warning C4244: аргумент: преобразование "double" в "int", возможна потеря данных
C:\Users\Home\Desktop\КГИГ\lab4\Planets\Lab-42\Lab-4\CSunSystem.h(90,20): warning C4244: аргумент: преобразование "double" в "int", возможна потеря данных
C:\Users\Home\Desktop\КГИГ\lab4\Planets\Lab-42\Lab-4\CSunSystem.h(91,37): warning C4244: аргумент: преобразование "double" в "int", возможна потеря данных
C:\Users\Home\Desktop\КГИГ\lab4\Planets\Lab-42\Lab-4\CSunSystem.h(91,32): warning C4244: аргумент: преобразование "double" в "int", возможна потеря данных
C:\Users\Home\Desktop\КГИГ\lab4\Planets\Lab-42\Lab-4\CSunSystem.h(91,27): warning C4244: аргумент: преобразование "double" в "int", возможна потеря данных
C:\Users\Home\Desktop\КГИГ\lab4\Planets\Lab-42\Lab-4\CSunSystem.h(91,21): warning C4244: аргумент: преобразование "double" в "int", возможна потеря данных
C:\Users\Home\Desktop\КГИГ\lab4\Planets\Lab-42\Lab-4\CSunSystem.h(92,42): warning C4244: аргумент: преобразование "double" в "int", возможна потеря данных
C:\Users\Home\Desktop\КГИГ\lab4\Planets\Lab-42\Lab-4\CSunSystem.h(92,36): warning C4244: аргумент: преобразование "double" в "int", возможна потеря данных
C:\Users\Home\Desktop\КГИГ\lab4\Planets\Lab-42\Lab-4\CSunSystem.h(92,30): warning C4244: аргумент: преобразование "double" в "int", возможна потеря данных
C:\Users\Home\Desktop\КГИГ\lab4\Planets\Lab-42\Lab-4\CSunSystem.h(92,23): warning C4244: аргумент: преобразование "double" в "int", возможна потеря данных
C:\Users\Home\Desktop\КГИГ\lab4\Planets\Lab-42\Lab-4\CSunSystem.h(93,39): warning C4244: аргумент: преобразование "double" в "int", возможна потеря данных
C:\Users\Home\Desktop\КГИГ\lab4\Planets\Lab-42\Lab-4\CSunSystem.h(93,33): warning C4244: аргумент: преобразование "double" в "int", возможна потеря данных
C:\Users\Home\Desktop\КГИГ\lab4\Planets\Lab-42\Lab-4\CSunSystem.h(93,27): warning C4244: аргумент: преобразование "double" в "int", возможна потеря данных
C:\Users\Home\Desktop\КГИГ\lab4\Planets\Lab-42\Lab-4\CSunSystem.h(93,20): warning C4244: аргумент: преобразование "double" в "int", возможна потеря данных
C:\Users\Home\Desktop\КГИГ\lab4\Planets\Lab-42\Lab-4\CSunSystem.h(94,39): warning C4244: аргумент: преобразование "double" в "int", возможна потеря данных
C:\Users\Home\Desktop\КГИГ\lab4\Planets\Lab-42\Lab-4\CSunSystem.h(94,34): warning C4244: аргумент: преобразование "double" в "int", возможна потеря данных
C:\Users\Home\Desktop\КГИГ\lab4\Planets\Lab-42\Lab-4\CSunSystem.h(94,29): warning C4244: аргумент: преобразование "double" в "int", возможна потеря данных
C:\Users\Home\Desktop\КГИГ\lab4\Planets\Lab-42\Lab-4\CSunSystem.h(94,23): warning C4244: аргумент: преобразование "double" в "int", возможна потеря данных
C:\Users\Home\Desktop\КГИГ\lab4\Planets\Lab-42\Lab-4\CSunSystem.h(206,71): warning C4244: аргумент: преобразование "double" в "int", возможна потеря данных
C:\Users\Home\Desktop\КГИГ\lab4\Planets\Lab-42\Lab-4\CSunSystem.h(206,55): warning C4244: аргумент: преобразование "double" в "int", возможна потеря данных
C:\Users\Home\Desktop\КГИГ\lab4\Planets\Lab-42\Lab-4\CSunSystem.h(206,39): warning C4244: аргумент: преобразование "double" в "int", возможна потеря данных
C:\Users\Home\Desktop\КГИГ\lab4\Planets\Lab-42\Lab-4\CSunSystem.h(206,23): warning C4244: аргумент: преобразование "double" в "int", возможна потеря данных
C:\Users\Home\Desktop\КГИГ\lab4\Planets\Lab-42\Lab-4\CSunSystem.h(215,71): warning C4244: аргумент: преобразование "double" в "int", возможна потеря данных
C:\Users\Home\Desktop\КГИГ\lab4\Planets\Lab-42\Lab-4\CSunSystem.h(215,55): warning C4244: аргумент: преобразование "double" в "int", возможна потеря данных
C:\Users\Home\Desktop\КГИГ\lab4\Planets\Lab-42\Lab-4\CSunSystem.h(215,39): warning C4244: аргумент: преобразование "double" в "int", возможна потеря данных
C:\Users\Home\Desktop\КГИГ\lab4\Planets\Lab-42\Lab-4\CSunSystem.h(215,23): warning C4244: аргумент: преобразование "double" в "int", возможна потеря данных
C:\Users\Home\Desktop\КГИГ\lab4\Planets\Lab-42\Lab-4\CSunSystem.h(221,75): warning C4244: аргумент: преобразование "double" в "int", возможна потеря данных
C:\Users\Home\Desktop\КГИГ\lab4\Planets\Lab-42\Lab-4\CSunSystem.h(221,58): warning C4244: аргумент: преобразование "double" в "int", возможна потеря данных
C:\Users\Home\Desktop\КГИГ\lab4\Planets\Lab-42\Lab-4\CSunSystem.h(221,41): warning C4244: аргумент: преобразование "double" в "int", возможна потеря данных
C:\Users\Home\Desktop\КГИГ\lab4\Planets\Lab-42\Lab-4\CSunSystem.h(221,24): warning C4244: аргумент: преобразование "double" в "int", возможна потеря данных
C:\Users\Home\Desktop\КГИГ\lab4\Planets\Lab-42\Lab-4\CSunSystem.h(227,71): warning C4244: аргумент: преобразование "double" в "int", возможна потеря данных
C:\Users\Home\Desktop\КГИГ\lab4\Planets\Lab-42\Lab-4\CSunSystem.h(227,55): warning C4244: аргумент: преобразование "double" в "int", возможна потеря данных
C:\Users\Home\Desktop\КГИГ\lab4\Planets\Lab-42\Lab-4\CSunSystem.h(227,39): warning C4244: аргумент: преобразование "double" в "int", возможна потеря данных
C:\Users\Home\Desktop\КГИГ\lab4\Planets\Lab-42\Lab-4\CSunSystem.h(227,23): warning C4244: аргумент: преобразование "double" в "int", возможна потеря данных
C:\Users\Home\Desktop\КГИГ\lab4\Planets\Lab-42\Lab-4\CSunSystem.h(233,75): warning C4244: аргумент: преобразование "double" в "int", возможна потеря данных
C:\Users\Home\Desktop\КГИГ\lab4\Planets\Lab-42\Lab-4\CSunSystem.h(233,58): warning C4244: аргумент: преобразование "double" в "int", возможна потеря данных
C:\Users\Home\Desktop\КГИГ\lab4\Planets\Lab-42\Lab-4\CSunSystem.h(233,41): warning C4244: аргумент: преобразование "double" в "int", возможна потеря данных
C:\Users\Home\Desktop\КГИГ\lab4\Planets\Lab-42\Lab-4\CSunSystem.h(233,24): warning C4244: аргумент: преобразование "double" в "int", возможна потеря данных
C:\Users\Home\Desktop\КГИГ\lab4\Planets\Lab-42\Lab-4\CSunSystem.h(239,75): warning C4244: аргумент: преобразование "double" в "int", возможна потеря данных
C:\Users\Home\Desktop\КГИГ\lab4\Planets\Lab-42\Lab-4\CSunSystem.h(239,58): warning C4244: аргумент: преобразование "double" в "int", возможна потеря данных
C:\Users\Home\Desktop\КГИГ\lab4\Planets\Lab-42\Lab-4\CSunSystem.h(239,41): warning C4244: аргумент: преобразование "double" в "int", возможна потеря данных
C:\Users\Home\Desktop\КГИГ\lab4\Planets\Lab-42\Lab-4\CSunSystem.h(239,24): warning C4244: аргумент: преобразование "double" в "int", возможна потеря данных
C:\Users\Home\Desktop\КГИГ\lab4\Planets\Lab-42\Lab-4\CSunSystem.h(245,71): warning C4244: аргумент: преобразование "double" в "int", возможна потеря данных
C:\Users\Home\Desktop\КГИГ\lab4\Planets\Lab-42\Lab-4\CSunSystem.h(245,55): warning C4244: аргумент: преобразование "double" в "int", возможна потеря данных
C:\Users\Home\Desktop\КГИГ\lab4\Planets\Lab-42\Lab-4\CSunSystem.h(245,39): warning C4244: аргумент: преобразование "double" в "int", возможна потеря данных
C:\Users\Home\Desktop\КГИГ\lab4\Planets\Lab-42\Lab-4\CSunSystem.h(245,23): warning C4244: аргумент: преобразование "double" в "int", возможна потеря данных
  Lab-4.vcxproj -> C:\Users\Home\Desktop\КГИГ\lab4\Planets\Lab-42\Debug\Lab-4.exe
